  Camera.cpp
C:\Users\Victo\Desktop\LearnOpenGL\LearnOpenGL\Camera.cpp(48,13): warning C4244: '=': conversion from 'double' to 'float', possible loss of data
C:\Users\Victo\Desktop\LearnOpenGL\LearnOpenGL\Camera.cpp(49,13): warning C4244: '=': conversion from 'double' to 'float', possible loss of data
C:\Users\Victo\Desktop\LearnOpenGL\LearnOpenGL\Camera.cpp(52,16): warning C4244: 'initializing': conversion from 'double' to 'float', possible loss of data
C:\Users\Victo\Desktop\LearnOpenGL\LearnOpenGL\Camera.cpp(53,16): warning C4244: 'initializing': conversion from 'double' to 'float', possible loss of data
C:\Users\Victo\Desktop\LearnOpenGL\LearnOpenGL\Camera.cpp(54,12): warning C4244: '=': conversion from 'double' to 'float', possible loss of data
C:\Users\Victo\Desktop\LearnOpenGL\LearnOpenGL\Camera.cpp(55,12): warning C4244: '=': conversion from 'double' to 'float', possible loss of data
  main.cpp
C:\Users\Victo\Desktop\LearnOpenGL\LearnOpenGL\main.cpp(78,35): warning C4244: '=': conversion from 'double' to 'float', possible loss of data
  Mesh.cpp
C:\Users\Victo\Desktop\LearnOpenGL\LearnOpenGL\Mesh.cpp(39,68): warning C4267: 'argument': conversion from 'size_t' to 'GLsizei', possible loss of data
  Model.cpp
  Shader.cpp
  Texture.cpp
  glad.c
  Generating code
  Previous IPDB not found, fall back to full compilation.
  All 904 functions were compiled because no usable IPDB/IOBJ from previous compilation was found.
  Finished generating code
  LearnOpenGL.vcxproj -> C:\Users\Victo\Desktop\LearnOpenGL\x64\Release\LearnOpenGL.exe
